[2022-09-10 15:30:30,602][__main__][INFO] - 
cwd: /home/zzx/deepke/DeepKE/example/re/standard
preprocess: true
data_path: data/origin
out_path: data/out
chinese_split: true
replace_entity_with_type: true
replace_entity_with_scope: true
min_freq: 3
pos_limit: 30
seed: 1
use_gpu: true
gpu_id: 0
epoch: 150
batch_size: 32
learning_rate: 0.0003
lr_factor: 0.7
lr_patience: 3
weight_decay: 0.001
early_stopping_patience: 6
train_log: true
log_interval: 10
show_plot: true
only_comparison_plot: false
plot_utils: matplot
predict_plot: false
vocab_size: ???
word_dim: 60
pos_size: 62
pos_dim: 10
dim_strategy: sum
num_relations: 14
fp: /home/zzx/deepke/DeepKE/example/re/standard/checkpoints/2022-09-05_15-16-06/lm_epoch150.pth
model_name: transformer
hidden_size: ???
num_heads: 4
num_hidden_layers: 3
intermediate_size: 256
dropout: 0.1
layer_norm_eps: 1.0e-12
hidden_act: gelu_new
output_attentions: true
output_hidden_states: true

[2022-09-10 15:30:34,741][__main__][INFO] - device: cuda:0
[2022-09-10 15:30:34,742][deepke.relation_extraction.standard.utils.ioUtils][INFO] - load data from /home/zzx/deepke/DeepKE/example/re/standard/data/out/vocab.pkl
