[2022-09-18 10:38:14,805][__main__][INFO] - 
cwd: /home/zzx/es_project/es-project -v2/Model_train_predict/example/re/standard
preprocess: true
data_path: data/origin
out_path: data/out
chinese_split: true
replace_entity_with_type: true
replace_entity_with_scope: true
min_freq: 3
pos_limit: 30
seed: 1
use_gpu: true
gpu_id: 0
epoch: 150
batch_size: 32
learning_rate: 0.0003
lr_factor: 0.7
lr_patience: 3
weight_decay: 0.001
early_stopping_patience: 6
train_log: true
log_interval: 10
show_plot: true
only_comparison_plot: false
plot_utils: matplot
predict_plot: false
vocab_size: ???
word_dim: 60
pos_size: 62
pos_dim: 10
dim_strategy: sum
num_relations: 15
fp: /home/zzx/deepke/DeepKE/example/re/standard/checkpoints/2022-09-10_17-22-56/lm_epoch150.pth
model_name: lm
lm_file: bert-base-chinese
num_hidden_layers: 1
type_rnn: LSTM
input_size: 768
hidden_size: 100
num_layers: 1
dropout: 0.3
bidirectional: true
last_layer_hn: true

[2022-09-18 10:38:18,781][__main__][INFO] - device: cuda:0
[2022-09-18 10:38:18,782][deepke.relation_extraction.standard.tools.preprocess][INFO] - ===== start preprocess data =====
[2022-09-18 10:38:18,782][deepke.relation_extraction.standard.tools.preprocess][INFO] - load raw files...
[2022-09-18 10:38:18,782][utils.ioUtils][INFO] - load csv from /home/zzx/es_project/es-project -v2/Model_train_predict/example/re/standard/data/origin/train.csv
[2022-09-18 10:38:18,785][utils.ioUtils][INFO] - load csv from /home/zzx/es_project/es-project -v2/Model_train_predict/example/re/standard/data/origin/valid.csv
[2022-09-18 10:38:18,785][utils.ioUtils][INFO] - load csv from /home/zzx/es_project/es-project -v2/Model_train_predict/example/re/standard/data/origin/test.csv
[2022-09-18 10:38:18,786][utils.ioUtils][INFO] - load csv from /home/zzx/es_project/es-project -v2/Model_train_predict/example/re/standard/data/origin/relation.csv
[2022-09-18 10:38:18,786][deepke.relation_extraction.standard.tools.preprocess][INFO] - clean data...
[2022-09-18 10:38:18,790][deepke.relation_extraction.standard.tools.preprocess][INFO] - convert relation into index...
[2022-09-18 10:38:18,790][deepke.relation_extraction.standard.tools.preprocess][INFO] - verify whether use pretrained language models...
[2022-09-18 10:38:18,790][deepke.relation_extraction.standard.tools.preprocess][INFO] - use pretrained language models serialize sentence...
[2022-09-18 10:38:18,790][deepke.relation_extraction.standard.tools.preprocess][INFO] - use bert tokenizer...
[2022-09-18 10:38:20,166][deepke.relation_extraction.standard.tools.preprocess][INFO] - use bert tokenizer...
[2022-09-18 10:38:21,238][deepke.relation_extraction.standard.tools.preprocess][INFO] - use bert tokenizer...
[2022-09-18 10:38:22,278][deepke.relation_extraction.standard.tools.preprocess][INFO] - save data for backup...
[2022-09-18 10:38:22,278][utils.ioUtils][INFO] - save data in /home/zzx/es_project/es-project -v2/Model_train_predict/example/re/standard/data/out/train.pkl
[2022-09-18 10:38:22,280][utils.ioUtils][INFO] - save data in /home/zzx/es_project/es-project -v2/Model_train_predict/example/re/standard/data/out/valid.pkl
[2022-09-18 10:38:22,281][utils.ioUtils][INFO] - save data in /home/zzx/es_project/es-project -v2/Model_train_predict/example/re/standard/data/out/test.pkl
[2022-09-18 10:38:22,281][deepke.relation_extraction.standard.tools.preprocess][INFO] - ===== end preprocess data =====
[2022-09-18 10:38:22,282][utils.ioUtils][INFO] - load data from /home/zzx/es_project/es-project -v2/Model_train_predict/example/re/standard/data/out/train.pkl
[2022-09-18 10:38:22,284][utils.ioUtils][INFO] - load data from /home/zzx/es_project/es-project -v2/Model_train_predict/example/re/standard/data/out/valid.pkl
[2022-09-18 10:38:22,285][utils.ioUtils][INFO] - load data from /home/zzx/es_project/es-project -v2/Model_train_predict/example/re/standard/data/out/test.pkl
[2022-09-18 10:38:27,337][__main__][INFO] - 
 LM(
  (bert): BertModel(
    (embeddings): BertEmbeddings(
      (word_embeddings): Embedding(21128, 768, padding_idx=0)
      (position_embeddings): Embedding(512, 768)
      (token_type_embeddings): Embedding(2, 768)
      (LayerNorm): LayerNorm((768,), eps=1e-12, elementwise_affine=True)
      (dropout): Dropout(p=0.1, inplace=False)
    )
    (encoder): BertEncoder(
      (layer): ModuleList(
        (0): BertLayer(
          (attention): BertAttention(
            (self): BertSelfAttention(
              (query): Linear(in_features=768, out_features=768, bias=True)
              (key): Linear(in_features=768, out_features=768, bias=True)
              (value): Linear(in_features=768, out_features=768, bias=True)
              (dropout): Dropout(p=0.1, inplace=False)
            )
            (output): BertSelfOutput(
              (dense): Linear(in_features=768, out_features=768, bias=True)
              (LayerNorm): LayerNorm((768,), eps=1e-12, elementwise_affine=True)
              (dropout): Dropout(p=0.1, inplace=False)
            )
          )
          (intermediate): BertIntermediate(
            (dense): Linear(in_features=768, out_features=3072, bias=True)
          )
          (output): BertOutput(
            (dense): Linear(in_features=3072, out_features=768, bias=True)
            (LayerNorm): LayerNorm((768,), eps=1e-12, elementwise_affine=True)
            (dropout): Dropout(p=0.1, inplace=False)
          )
        )
      )
    )
    (pooler): BertPooler(
      (dense): Linear(in_features=768, out_features=768, bias=True)
      (activation): Tanh()
    )
  )
  (bilstm): RNN(
    (rnn): LSTM(768, 50, batch_first=True, dropout=0.3, bidirectional=True)
  )
  (fc): Linear(in_features=100, out_features=15, bias=True)
  (dropout): Dropout(p=0.3, inplace=False)
)
[2022-09-18 10:38:27,338][__main__][INFO] - ========== Start training ==========
[2022-09-18 10:38:27,869][deepke.relation_extraction.standard.tools.trainer][INFO] - Train Epoch 1: [320/577 (55%)]	Loss: 1.943728
[2022-09-18 10:38:27,869][deepke.relation_extraction.standard.tools.trainer][INFO] - Train Epoch 1: Acc: 36.56%	macro metrics: [p: 0.3189, r:0.1810, f1:0.1870]
[2022-09-18 10:38:28,299][deepke.relation_extraction.standard.tools.trainer][INFO] - Train Epoch 1: [577/577 (100%)]	Loss: 0.814408
[2022-09-18 10:38:28,299][deepke.relation_extraction.standard.tools.trainer][INFO] - Train Epoch 1: Acc: 44.37%	macro metrics: [p: 0.5306, r:0.2470, f1:0.2714]
[2022-09-18 10:38:28,387][deepke.relation_extraction.standard.tools.trainer][INFO] - Valid Epoch 1: [93/93](100%)	 Loss: 1.503714
[2022-09-18 10:38:28,387][deepke.relation_extraction.standard.tools.trainer][INFO] - Valid Epoch 1: Acc: 70.97%	macro metrics: [p: 0.7118, r:0.6743, f1:0.6450]
[2022-09-18 10:38:29,103][deepke.relation_extraction.standard.tools.trainer][INFO] - Train Epoch 2: [320/577 (55%)]	Loss: 1.161713
[2022-09-18 10:38:29,103][deepke.relation_extraction.standard.tools.trainer][INFO] - Train Epoch 2: Acc: 70.00%	macro metrics: [p: 0.7762, r:0.6165, f1:0.6383]
[2022-09-18 10:38:29,573][deepke.relation_extraction.standard.tools.trainer][INFO] - Train Epoch 2: [577/577 (100%)]	Loss: 1.063053
[2022-09-18 10:38:29,573][deepke.relation_extraction.standard.tools.trainer][INFO] - Train Epoch 2: Acc: 78.34%	macro metrics: [p: 0.9007, r:0.7239, f1:0.7685]
[2022-09-18 10:38:29,638][deepke.relation_extraction.standard.tools.trainer][INFO] - Valid Epoch 2: [93/93](100%)	 Loss: 0.838893
[2022-09-18 10:38:29,639][deepke.relation_extraction.standard.tools.trainer][INFO] - Valid Epoch 2: Acc: 92.47%	macro metrics: [p: 0.8178, r:0.8542, f1:0.8236]
