[2022-09-05 11:07:57,419][__main__][INFO] - 
cwd: /home/zzx/deepke/DeepKE/example/re/standard
preprocess: true
data_path: data/origin
out_path: data/out
chinese_split: true
replace_entity_with_type: true
replace_entity_with_scope: true
min_freq: 3
pos_limit: 30
seed: 1
use_gpu: true
gpu_id: 0
epoch: 100
batch_size: 32
learning_rate: 0.0003
lr_factor: 0.7
lr_patience: 3
weight_decay: 0.001
early_stopping_patience: 6
train_log: true
log_interval: 10
show_plot: true
only_comparison_plot: false
plot_utils: matplot
predict_plot: false
vocab_size: ???
word_dim: 60
pos_size: 62
pos_dim: 10
dim_strategy: sum
num_relations: 14
fp: xxx/checkpoints/2019-12-03_17-35-30/cnn_epoch21.pth
model_name: lm
lm_file: bert-base-chinese
num_hidden_layers: 1
type_rnn: LSTM
input_size: 768
hidden_size: 100
num_layers: 1
dropout: 0.3
bidirectional: true
last_layer_hn: true

[2022-09-05 11:08:01,889][__main__][INFO] - device: cuda:0
[2022-09-05 11:08:01,889][deepke.relation_extraction.standard.tools.preprocess][INFO] - ===== start preprocess data =====
[2022-09-05 11:08:01,889][deepke.relation_extraction.standard.tools.preprocess][INFO] - load raw files...
[2022-09-05 11:08:01,890][utils.ioUtils][INFO] - load csv from /home/zzx/deepke/DeepKE/example/re/standard/data/origin/train.csv
[2022-09-05 11:08:01,892][utils.ioUtils][INFO] - load csv from /home/zzx/deepke/DeepKE/example/re/standard/data/origin/valid.csv
[2022-09-05 11:08:01,894][utils.ioUtils][INFO] - load csv from /home/zzx/deepke/DeepKE/example/re/standard/data/origin/test.csv
[2022-09-05 11:08:01,894][utils.ioUtils][INFO] - load csv from /home/zzx/deepke/DeepKE/example/re/standard/data/origin/relation.csv
[2022-09-05 11:08:01,894][deepke.relation_extraction.standard.tools.preprocess][INFO] - clean data...
