[2022-09-05 11:53:50,363][__main__][INFO] - 
cwd: /home/zzx/deepke/DeepKE/example/re/standard
preprocess: true
data_path: data/data/origin
out_path: data/out
chinese_split: true
replace_entity_with_type: true
replace_entity_with_scope: true
min_freq: 3
pos_limit: 30
seed: 1
use_gpu: true
gpu_id: 0
epoch: 100
batch_size: 32
learning_rate: 0.0003
lr_factor: 0.7
lr_patience: 3
weight_decay: 0.001
early_stopping_patience: 6
train_log: true
log_interval: 10
show_plot: true
only_comparison_plot: false
plot_utils: matplot
predict_plot: false
vocab_size: ???
word_dim: 60
pos_size: 62
pos_dim: 10
dim_strategy: sum
num_relations: 14
fp: xxx/checkpoints/2019-12-03_17-35-30/cnn_epoch21.pth
model_name: lm
lm_file: bert-base-chinese
num_hidden_layers: 1
type_rnn: LSTM
input_size: 768
hidden_size: 100
num_layers: 1
dropout: 0.3
bidirectional: true
last_layer_hn: true

[2022-09-05 11:53:58,725][__main__][INFO] - device: cuda:0
[2022-09-05 11:53:58,725][deepke.relation_extraction.standard.tools.preprocess][INFO] - ===== start preprocess data =====
[2022-09-05 11:53:58,725][deepke.relation_extraction.standard.tools.preprocess][INFO] - load raw files...
[2022-09-05 11:53:58,725][utils.ioUtils][INFO] - load csv from /home/zzx/deepke/DeepKE/example/re/standard/data/data/origin/train.csv
[2022-09-05 11:53:58,737][utils.ioUtils][INFO] - load csv from /home/zzx/deepke/DeepKE/example/re/standard/data/data/origin/valid.csv
[2022-09-05 11:53:58,740][utils.ioUtils][INFO] - load csv from /home/zzx/deepke/DeepKE/example/re/standard/data/data/origin/test.csv
[2022-09-05 11:53:58,744][utils.ioUtils][INFO] - load csv from /home/zzx/deepke/DeepKE/example/re/standard/data/data/origin/relation.csv
[2022-09-05 11:53:58,744][deepke.relation_extraction.standard.tools.preprocess][INFO] - clean data...
[2022-09-05 11:53:58,745][deepke.relation_extraction.standard.tools.preprocess][INFO] - convert relation into index...
[2022-09-05 11:53:58,747][deepke.relation_extraction.standard.tools.preprocess][INFO] - verify whether use pretrained language models...
[2022-09-05 11:53:58,747][deepke.relation_extraction.standard.tools.preprocess][INFO] - use pretrained language models serialize sentence...
[2022-09-05 11:53:58,748][deepke.relation_extraction.standard.tools.preprocess][INFO] - use bert tokenizer...
[2022-09-05 11:54:02,909][deepke.relation_extraction.standard.tools.preprocess][INFO] - use bert tokenizer...
[2022-09-05 11:54:04,204][deepke.relation_extraction.standard.tools.preprocess][INFO] - use bert tokenizer...
[2022-09-05 11:54:05,738][deepke.relation_extraction.standard.tools.preprocess][INFO] - save data for backup...
[2022-09-05 11:54:05,739][utils.ioUtils][INFO] - save data in /home/zzx/deepke/DeepKE/example/re/standard/data/out/train.pkl
[2022-09-05 11:54:05,748][utils.ioUtils][INFO] - save data in /home/zzx/deepke/DeepKE/example/re/standard/data/out/valid.pkl
[2022-09-05 11:54:05,752][utils.ioUtils][INFO] - save data in /home/zzx/deepke/DeepKE/example/re/standard/data/out/test.pkl
[2022-09-05 11:54:05,755][deepke.relation_extraction.standard.tools.preprocess][INFO] - ===== end preprocess data =====
[2022-09-05 11:54:05,759][utils.ioUtils][INFO] - load data from /home/zzx/deepke/DeepKE/example/re/standard/data/out/train.pkl
[2022-09-05 11:54:05,770][utils.ioUtils][INFO] - load data from /home/zzx/deepke/DeepKE/example/re/standard/data/out/valid.pkl
[2022-09-05 11:54:05,776][utils.ioUtils][INFO] - load data from /home/zzx/deepke/DeepKE/example/re/standard/data/out/test.pkl
