[2022-09-17 16:01:41,260][__main__][INFO] - 
cwd: /home/zzx/remove_file/Model_train/example/re/standard
preprocess: true
data_path: data/origin
out_path: data/out
chinese_split: true
replace_entity_with_type: true
replace_entity_with_scope: true
min_freq: 3
pos_limit: 30
seed: 1
use_gpu: true
gpu_id: 0
epoch: 150
batch_size: 32
learning_rate: 0.0003
lr_factor: 0.7
lr_patience: 3
weight_decay: 0.001
early_stopping_patience: 6
train_log: true
log_interval: 10
show_plot: true
only_comparison_plot: false
plot_utils: matplot
predict_plot: false
vocab_size: ???
word_dim: 60
pos_size: 62
pos_dim: 10
dim_strategy: sum
num_relations: 15
fp: /home/zzx/deepke/DeepKE/example/re/standard/checkpoints/2022-09-10_17-22-56/lm_epoch150.pth
model_name: lm
lm_file: bert-base-chinese
num_hidden_layers: 1
type_rnn: LSTM
input_size: 768
hidden_size: 100
num_layers: 1
dropout: 0.3
bidirectional: true
last_layer_hn: true

[2022-09-17 16:01:45,399][__main__][INFO] - device: cuda:0
[2022-09-17 16:01:45,400][deepke.relation_extraction.standard.tools.preprocess][INFO] - ===== start preprocess data =====
[2022-09-17 16:01:45,400][deepke.relation_extraction.standard.tools.preprocess][INFO] - load raw files...
[2022-09-17 16:01:45,400][utils.ioUtils][INFO] - load csv from /home/zzx/remove_file/Model_train/example/re/standard/data/origin/train.csv
[2022-09-17 16:01:45,403][utils.ioUtils][INFO] - load csv from /home/zzx/remove_file/Model_train/example/re/standard/data/origin/valid.csv
[2022-09-17 16:01:45,403][utils.ioUtils][INFO] - load csv from /home/zzx/remove_file/Model_train/example/re/standard/data/origin/test.csv
[2022-09-17 16:01:45,404][utils.ioUtils][INFO] - load csv from /home/zzx/remove_file/Model_train/example/re/standard/data/origin/relation.csv
[2022-09-17 16:01:45,404][deepke.relation_extraction.standard.tools.preprocess][INFO] - clean data...
[2022-09-17 16:01:45,408][deepke.relation_extraction.standard.tools.preprocess][INFO] - convert relation into index...
[2022-09-17 16:01:45,408][deepke.relation_extraction.standard.tools.preprocess][INFO] - verify whether use pretrained language models...
[2022-09-17 16:01:45,408][deepke.relation_extraction.standard.tools.preprocess][INFO] - use pretrained language models serialize sentence...
[2022-09-17 16:01:45,408][deepke.relation_extraction.standard.tools.preprocess][INFO] - use bert tokenizer...
[2022-09-17 16:01:46,812][deepke.relation_extraction.standard.tools.preprocess][INFO] - use bert tokenizer...
[2022-09-17 16:01:47,875][deepke.relation_extraction.standard.tools.preprocess][INFO] - use bert tokenizer...
[2022-09-17 16:01:48,894][deepke.relation_extraction.standard.tools.preprocess][INFO] - save data for backup...
[2022-09-17 16:01:48,895][utils.ioUtils][INFO] - save data in /home/zzx/remove_file/Model_train/example/re/standard/data/out/train.pkl
[2022-09-17 16:01:48,897][utils.ioUtils][INFO] - save data in /home/zzx/remove_file/Model_train/example/re/standard/data/out/valid.pkl
[2022-09-17 16:01:48,897][utils.ioUtils][INFO] - save data in /home/zzx/remove_file/Model_train/example/re/standard/data/out/test.pkl
[2022-09-17 16:01:48,898][deepke.relation_extraction.standard.tools.preprocess][INFO] - ===== end preprocess data =====
[2022-09-17 16:01:48,899][utils.ioUtils][INFO] - load data from /home/zzx/remove_file/Model_train/example/re/standard/data/out/train.pkl
[2022-09-17 16:01:48,901][utils.ioUtils][INFO] - load data from /home/zzx/remove_file/Model_train/example/re/standard/data/out/valid.pkl
[2022-09-17 16:01:48,902][utils.ioUtils][INFO] - load data from /home/zzx/remove_file/Model_train/example/re/standard/data/out/test.pkl
[2022-09-17 16:01:54,589][__main__][INFO] - 
 LM(
  (bert): BertModel(
    (embeddings): BertEmbeddings(
      (word_embeddings): Embedding(21128, 768, padding_idx=0)
      (position_embeddings): Embedding(512, 768)
      (token_type_embeddings): Embedding(2, 768)
      (LayerNorm): LayerNorm((768,), eps=1e-12, elementwise_affine=True)
      (dropout): Dropout(p=0.1, inplace=False)
    )
    (encoder): BertEncoder(
      (layer): ModuleList(
        (0): BertLayer(
          (attention): BertAttention(
            (self): BertSelfAttention(
              (query): Linear(in_features=768, out_features=768, bias=True)
              (key): Linear(in_features=768, out_features=768, bias=True)
              (value): Linear(in_features=768, out_features=768, bias=True)
              (dropout): Dropout(p=0.1, inplace=False)
            )
            (output): BertSelfOutput(
              (dense): Linear(in_features=768, out_features=768, bias=True)
              (LayerNorm): LayerNorm((768,), eps=1e-12, elementwise_affine=True)
              (dropout): Dropout(p=0.1, inplace=False)
            )
          )
          (intermediate): BertIntermediate(
            (dense): Linear(in_features=768, out_features=3072, bias=True)
          )
          (output): BertOutput(
            (dense): Linear(in_features=3072, out_features=768, bias=True)
            (LayerNorm): LayerNorm((768,), eps=1e-12, elementwise_affine=True)
            (dropout): Dropout(p=0.1, inplace=False)
          )
        )
      )
    )
    (pooler): BertPooler(
      (dense): Linear(in_features=768, out_features=768, bias=True)
      (activation): Tanh()
    )
  )
  (bilstm): RNN(
    (rnn): LSTM(768, 50, batch_first=True, dropout=0.3, bidirectional=True)
  )
  (fc): Linear(in_features=100, out_features=15, bias=True)
  (dropout): Dropout(p=0.3, inplace=False)
)
[2022-09-17 16:01:54,590][__main__][INFO] - ========== Start training ==========
[2022-09-17 16:01:55,125][deepke.relation_extraction.standard.tools.trainer][INFO] - Train Epoch 1: [320/577 (55%)]	Loss: 1.844007
[2022-09-17 16:01:55,125][deepke.relation_extraction.standard.tools.trainer][INFO] - Train Epoch 1: Acc: 34.06%	macro metrics: [p: 0.1989, r:0.1346, f1:0.1175]
[2022-09-17 16:01:55,554][deepke.relation_extraction.standard.tools.trainer][INFO] - Train Epoch 1: [577/577 (100%)]	Loss: 1.097095
[2022-09-17 16:01:55,554][deepke.relation_extraction.standard.tools.trainer][INFO] - Train Epoch 1: Acc: 43.15%	macro metrics: [p: 0.4519, r:0.2167, f1:0.2192]
[2022-09-17 16:01:55,644][deepke.relation_extraction.standard.tools.trainer][INFO] - Valid Epoch 1: [93/93](100%)	 Loss: 1.527076
[2022-09-17 16:01:55,644][deepke.relation_extraction.standard.tools.trainer][INFO] - Valid Epoch 1: Acc: 56.99%	macro metrics: [p: 0.5569, r:0.5174, f1:0.4553]
[2022-09-17 16:01:56,363][deepke.relation_extraction.standard.tools.trainer][INFO] - Train Epoch 2: [320/577 (55%)]	Loss: 1.119795
[2022-09-17 16:01:56,363][deepke.relation_extraction.standard.tools.trainer][INFO] - Train Epoch 2: Acc: 73.12%	macro metrics: [p: 0.8759, r:0.6384, f1:0.6549]
