[2022-09-17 15:45:35,543][__main__][INFO] - 
cwd: /home/zzx/remove_file/Model_train/example/re/standard
preprocess: true
data_path: data/origin
out_path: data/out
chinese_split: true
replace_entity_with_type: true
replace_entity_with_scope: true
min_freq: 3
pos_limit: 30
seed: 1
use_gpu: true
gpu_id: 0
epoch: 150
batch_size: 32
learning_rate: 0.0003
lr_factor: 0.7
lr_patience: 3
weight_decay: 0.001
early_stopping_patience: 6
train_log: true
log_interval: 10
show_plot: true
only_comparison_plot: false
plot_utils: matplot
predict_plot: false
vocab_size: ???
word_dim: 60
pos_size: 62
pos_dim: 10
dim_strategy: sum
num_relations: 15
fp: /home/zzx/deepke/DeepKE/example/re/standard/checkpoints/2022-09-10_17-22-56/lm_epoch150.pth
model_name: lm
lm_file: bert-base-chinese
num_hidden_layers: 1
type_rnn: LSTM
input_size: 768
hidden_size: 100
num_layers: 1
dropout: 0.3
bidirectional: true
last_layer_hn: true

[2022-09-17 15:45:39,869][__main__][INFO] - device: cuda:0
[2022-09-17 15:45:39,869][deepke.relation_extraction.standard.tools.preprocess][INFO] - ===== start preprocess data =====
[2022-09-17 15:45:39,869][deepke.relation_extraction.standard.tools.preprocess][INFO] - load raw files...
[2022-09-17 15:45:39,869][utils.ioUtils][INFO] - load csv from /home/zzx/remove_file/Model_train/example/re/standard/data/origin/train.csv
[2022-09-17 15:45:39,872][utils.ioUtils][INFO] - load csv from /home/zzx/remove_file/Model_train/example/re/standard/data/origin/valid.csv
[2022-09-17 15:45:39,873][utils.ioUtils][INFO] - load csv from /home/zzx/remove_file/Model_train/example/re/standard/data/origin/test.csv
[2022-09-17 15:45:39,873][utils.ioUtils][INFO] - load csv from /home/zzx/remove_file/Model_train/example/re/standard/data/origin/relation.csv
[2022-09-17 15:45:39,874][deepke.relation_extraction.standard.tools.preprocess][INFO] - clean data...
[2022-09-17 15:45:39,877][deepke.relation_extraction.standard.tools.preprocess][INFO] - convert relation into index...
[2022-09-17 15:45:39,877][deepke.relation_extraction.standard.tools.preprocess][INFO] - verify whether use pretrained language models...
[2022-09-17 15:45:39,877][deepke.relation_extraction.standard.tools.preprocess][INFO] - use pretrained language models serialize sentence...
[2022-09-17 15:45:39,877][deepke.relation_extraction.standard.tools.preprocess][INFO] - use bert tokenizer...
[2022-09-17 15:45:41,250][deepke.relation_extraction.standard.tools.preprocess][INFO] - use bert tokenizer...
[2022-09-17 15:45:42,286][deepke.relation_extraction.standard.tools.preprocess][INFO] - use bert tokenizer...
[2022-09-17 15:45:43,301][deepke.relation_extraction.standard.tools.preprocess][INFO] - save data for backup...
[2022-09-17 15:45:43,302][utils.ioUtils][INFO] - save data in /home/zzx/remove_file/Model_train/example/re/standard/data/out/train.pkl
[2022-09-17 15:45:43,304][utils.ioUtils][INFO] - save data in /home/zzx/remove_file/Model_train/example/re/standard/data/out/valid.pkl
[2022-09-17 15:45:43,305][utils.ioUtils][INFO] - save data in /home/zzx/remove_file/Model_train/example/re/standard/data/out/test.pkl
[2022-09-17 15:45:43,305][deepke.relation_extraction.standard.tools.preprocess][INFO] - ===== end preprocess data =====
[2022-09-17 15:45:43,306][utils.ioUtils][INFO] - load data from /home/zzx/remove_file/Model_train/example/re/standard/data/out/train.pkl
[2022-09-17 15:45:43,308][utils.ioUtils][INFO] - load data from /home/zzx/remove_file/Model_train/example/re/standard/data/out/valid.pkl
[2022-09-17 15:45:43,309][utils.ioUtils][INFO] - load data from /home/zzx/remove_file/Model_train/example/re/standard/data/out/test.pkl
[2022-09-17 15:45:48,831][__main__][INFO] - 
 LM(
  (bert): BertModel(
    (embeddings): BertEmbeddings(
      (word_embeddings): Embedding(21128, 768, padding_idx=0)
      (position_embeddings): Embedding(512, 768)
      (token_type_embeddings): Embedding(2, 768)
      (LayerNorm): LayerNorm((768,), eps=1e-12, elementwise_affine=True)
      (dropout): Dropout(p=0.1, inplace=False)
    )
    (encoder): BertEncoder(
      (layer): ModuleList(
        (0): BertLayer(
          (attention): BertAttention(
            (self): BertSelfAttention(
              (query): Linear(in_features=768, out_features=768, bias=True)
              (key): Linear(in_features=768, out_features=768, bias=True)
              (value): Linear(in_features=768, out_features=768, bias=True)
              (dropout): Dropout(p=0.1, inplace=False)
            )
            (output): BertSelfOutput(
              (dense): Linear(in_features=768, out_features=768, bias=True)
              (LayerNorm): LayerNorm((768,), eps=1e-12, elementwise_affine=True)
              (dropout): Dropout(p=0.1, inplace=False)
            )
          )
          (intermediate): BertIntermediate(
            (dense): Linear(in_features=768, out_features=3072, bias=True)
          )
          (output): BertOutput(
            (dense): Linear(in_features=3072, out_features=768, bias=True)
            (LayerNorm): LayerNorm((768,), eps=1e-12, elementwise_affine=True)
            (dropout): Dropout(p=0.1, inplace=False)
          )
        )
      )
    )
    (pooler): BertPooler(
      (dense): Linear(in_features=768, out_features=768, bias=True)
      (activation): Tanh()
    )
  )
  (bilstm): RNN(
    (rnn): LSTM(768, 50, batch_first=True, dropout=0.3, bidirectional=True)
  )
  (fc): Linear(in_features=100, out_features=15, bias=True)
  (dropout): Dropout(p=0.3, inplace=False)
)
[2022-09-17 15:45:48,832][__main__][INFO] - ========== Start training ==========
[2022-09-17 15:45:49,361][deepke.relation_extraction.standard.tools.trainer][INFO] - Train Epoch 1: [320/577 (55%)]	Loss: 1.974391
[2022-09-17 15:45:49,361][deepke.relation_extraction.standard.tools.trainer][INFO] - Train Epoch 1: Acc: 34.38%	macro metrics: [p: 0.1835, r:0.1577, f1:0.1504]
[2022-09-17 15:45:49,788][deepke.relation_extraction.standard.tools.trainer][INFO] - Train Epoch 1: [577/577 (100%)]	Loss: 0.791853
[2022-09-17 15:45:49,788][deepke.relation_extraction.standard.tools.trainer][INFO] - Train Epoch 1: Acc: 45.58%	macro metrics: [p: 0.3588, r:0.2382, f1:0.2512]
[2022-09-17 15:45:49,876][deepke.relation_extraction.standard.tools.trainer][INFO] - Valid Epoch 1: [93/93](100%)	 Loss: 1.441830
[2022-09-17 15:45:49,876][deepke.relation_extraction.standard.tools.trainer][INFO] - Valid Epoch 1: Acc: 68.82%	macro metrics: [p: 0.5420, r:0.6262, f1:0.5587]
[2022-09-17 15:45:50,592][deepke.relation_extraction.standard.tools.trainer][INFO] - Train Epoch 2: [320/577 (55%)]	Loss: 1.099630
[2022-09-17 15:45:50,592][deepke.relation_extraction.standard.tools.trainer][INFO] - Train Epoch 2: Acc: 78.12%	macro metrics: [p: 0.8238, r:0.6917, f1:0.7133]
[2022-09-17 15:45:51,057][deepke.relation_extraction.standard.tools.trainer][INFO] - Train Epoch 2: [577/577 (100%)]	Loss: 2.626914
[2022-09-17 15:45:51,057][deepke.relation_extraction.standard.tools.trainer][INFO] - Train Epoch 2: Acc: 81.28%	macro metrics: [p: 0.8945, r:0.7306, f1:0.7632]
[2022-09-17 15:45:51,121][deepke.relation_extraction.standard.tools.trainer][INFO] - Valid Epoch 2: [93/93](100%)	 Loss: 0.704446
[2022-09-17 15:45:51,121][deepke.relation_extraction.standard.tools.trainer][INFO] - Valid Epoch 2: Acc: 91.40%	macro metrics: [p: 0.8000, r:0.8566, f1:0.8149]
[2022-09-17 15:45:51,845][deepke.relation_extraction.standard.tools.trainer][INFO] - Train Epoch 3: [320/577 (55%)]	Loss: 0.574460
[2022-09-17 15:45:51,845][deepke.relation_extraction.standard.tools.trainer][INFO] - Train Epoch 3: Acc: 95.62%	macro metrics: [p: 0.9640, r:0.9379, f1:0.9484]
[2022-09-17 15:45:52,266][deepke.relation_extraction.standard.tools.trainer][INFO] - Train Epoch 3: [577/577 (100%)]	Loss: 1.119418
[2022-09-17 15:45:52,266][deepke.relation_extraction.standard.tools.trainer][INFO] - Train Epoch 3: Acc: 96.19%	macro metrics: [p: 0.9692, r:0.9508, f1:0.9592]
[2022-09-17 15:45:52,340][deepke.relation_extraction.standard.tools.trainer][INFO] - Valid Epoch 3: [93/93](100%)	 Loss: 0.470408
[2022-09-17 15:45:52,340][deepke.relation_extraction.standard.tools.trainer][INFO] - Valid Epoch 3: Acc: 93.55%	macro metrics: [p: 0.8361, r:0.8983, f1:0.8589]
