[2022-09-05 15:02:12,897][__main__][INFO] - 
cwd: /home/zzx/deepke/DeepKE/example/re/standard
preprocess: true
data_path: data/origin
out_path: data/out
chinese_split: true
replace_entity_with_type: true
replace_entity_with_scope: true
min_freq: 3
pos_limit: 30
seed: 1
use_gpu: true
gpu_id: 0
epoch: 100
batch_size: 32
learning_rate: 0.0003
lr_factor: 0.7
lr_patience: 3
weight_decay: 0.001
early_stopping_patience: 6
train_log: true
log_interval: 10
show_plot: true
only_comparison_plot: false
plot_utils: matplot
predict_plot: false
vocab_size: ???
word_dim: 60
pos_size: 62
pos_dim: 10
dim_strategy: sum
num_relations: 14
fp: xxx/checkpoints/2019-12-03_17-35-30/cnn_epoch21.pth
model_name: lm
lm_file: bert-base-chinese
num_hidden_layers: 1
type_rnn: LSTM
input_size: 768
hidden_size: 100
num_layers: 1
dropout: 0.3
bidirectional: true
last_layer_hn: true

[2022-09-05 15:02:17,197][__main__][INFO] - device: cuda:0
[2022-09-05 15:02:17,197][utils.ioUtils][INFO] - load data from /home/zzx/deepke/DeepKE/example/re/standard/data/out/train.pkl
[2022-09-05 15:02:17,214][utils.ioUtils][INFO] - load data from /home/zzx/deepke/DeepKE/example/re/standard/data/out/valid.pkl
[2022-09-05 15:02:17,219][utils.ioUtils][INFO] - load data from /home/zzx/deepke/DeepKE/example/re/standard/data/out/test.pkl
[2022-09-05 15:02:23,062][__main__][INFO] - 
 LM(
  (bert): BertModel(
    (embeddings): BertEmbeddings(
      (word_embeddings): Embedding(21128, 768, padding_idx=0)
      (position_embeddings): Embedding(512, 768)
      (token_type_embeddings): Embedding(2, 768)
      (LayerNorm): LayerNorm((768,), eps=1e-12, elementwise_affine=True)
      (dropout): Dropout(p=0.1, inplace=False)
    )
    (encoder): BertEncoder(
      (layer): ModuleList(
        (0): BertLayer(
          (attention): BertAttention(
            (self): BertSelfAttention(
              (query): Linear(in_features=768, out_features=768, bias=True)
              (key): Linear(in_features=768, out_features=768, bias=True)
              (value): Linear(in_features=768, out_features=768, bias=True)
              (dropout): Dropout(p=0.1, inplace=False)
            )
            (output): BertSelfOutput(
              (dense): Linear(in_features=768, out_features=768, bias=True)
              (LayerNorm): LayerNorm((768,), eps=1e-12, elementwise_affine=True)
              (dropout): Dropout(p=0.1, inplace=False)
            )
          )
          (intermediate): BertIntermediate(
            (dense): Linear(in_features=768, out_features=3072, bias=True)
          )
          (output): BertOutput(
            (dense): Linear(in_features=3072, out_features=768, bias=True)
            (LayerNorm): LayerNorm((768,), eps=1e-12, elementwise_affine=True)
            (dropout): Dropout(p=0.1, inplace=False)
          )
        )
      )
    )
    (pooler): BertPooler(
      (dense): Linear(in_features=768, out_features=768, bias=True)
      (activation): Tanh()
    )
  )
  (bilstm): RNN(
    (rnn): LSTM(768, 50, batch_first=True, dropout=0.3, bidirectional=True)
  )
  (fc): Linear(in_features=100, out_features=14, bias=True)
  (dropout): Dropout(p=0.3, inplace=False)
)
[2022-09-05 15:02:23,063][__main__][INFO] - ========== Start training ==========
[2022-09-05 15:02:23,591][deepke.relation_extraction.standard.tools.trainer][INFO] - Train Epoch 1: [320/3000 (11%)]	Loss: 1.968032
[2022-09-05 15:02:23,591][deepke.relation_extraction.standard.tools.trainer][INFO] - Train Epoch 1: Acc: 34.69%	macro metrics: [p: 0.1756, r:0.1746, f1:0.1526]
[2022-09-05 15:02:23,989][deepke.relation_extraction.standard.tools.trainer][INFO] - Train Epoch 1: [640/3000 (21%)]	Loss: 1.431962
[2022-09-05 15:02:23,989][deepke.relation_extraction.standard.tools.trainer][INFO] - Train Epoch 1: Acc: 51.41%	macro metrics: [p: 0.3160, r:0.2939, f1:0.2779]
[2022-09-05 15:02:24,418][deepke.relation_extraction.standard.tools.trainer][INFO] - Train Epoch 1: [960/3000 (32%)]	Loss: 0.836514
[2022-09-05 15:02:24,418][deepke.relation_extraction.standard.tools.trainer][INFO] - Train Epoch 1: Acc: 59.58%	macro metrics: [p: 0.3539, r:0.3498, f1:0.3358]
[2022-09-05 15:02:24,891][deepke.relation_extraction.standard.tools.trainer][INFO] - Train Epoch 1: [1280/3000 (43%)]	Loss: 0.924462
[2022-09-05 15:02:24,891][deepke.relation_extraction.standard.tools.trainer][INFO] - Train Epoch 1: Acc: 65.47%	macro metrics: [p: 0.4536, r:0.3922, f1:0.3826]
[2022-09-05 15:02:25,373][deepke.relation_extraction.standard.tools.trainer][INFO] - Train Epoch 1: [1600/3000 (53%)]	Loss: 0.388396
[2022-09-05 15:02:25,373][deepke.relation_extraction.standard.tools.trainer][INFO] - Train Epoch 1: Acc: 70.88%	macro metrics: [p: 0.4771, r:0.4227, f1:0.4134]
[2022-09-05 15:02:25,807][deepke.relation_extraction.standard.tools.trainer][INFO] - Train Epoch 1: [1920/3000 (64%)]	Loss: 0.326308
[2022-09-05 15:02:25,808][deepke.relation_extraction.standard.tools.trainer][INFO] - Train Epoch 1: Acc: 74.06%	macro metrics: [p: 0.4915, r:0.4449, f1:0.4358]
[2022-09-05 15:02:26,227][deepke.relation_extraction.standard.tools.trainer][INFO] - Train Epoch 1: [2240/3000 (75%)]	Loss: 0.239466
[2022-09-05 15:02:26,227][deepke.relation_extraction.standard.tools.trainer][INFO] - Train Epoch 1: Acc: 77.05%	macro metrics: [p: 0.5040, r:0.4680, f1:0.4630]
