[2022-09-10 17:11:17,849][__main__][INFO] - 
cwd: /home/zzx/deepke/DeepKE/example/re/standard
preprocess: true
data_path: data/origin
out_path: data/out
chinese_split: true
replace_entity_with_type: true
replace_entity_with_scope: true
min_freq: 3
pos_limit: 30
seed: 1
use_gpu: true
gpu_id: 0
epoch: 150
batch_size: 32
learning_rate: 0.0003
lr_factor: 0.7
lr_patience: 3
weight_decay: 0.001
early_stopping_patience: 6
train_log: true
log_interval: 10
show_plot: true
only_comparison_plot: false
plot_utils: matplot
predict_plot: false
vocab_size: ???
word_dim: 60
pos_size: 62
pos_dim: 10
dim_strategy: sum
num_relations: 14
fp: /home/zzx/deepke/DeepKE/example/re/standard/checkpoints/2022-09-05_15-16-06/lm_epoch150.pth
model_name: lm
lm_file: bert-base-chinese
num_hidden_layers: 1
type_rnn: LSTM
input_size: 768
hidden_size: 100
num_layers: 1
dropout: 0.3
bidirectional: true
last_layer_hn: true

[2022-09-10 17:11:25,055][__main__][INFO] - device: cuda:0
[2022-09-10 17:11:25,055][deepke.relation_extraction.standard.tools.preprocess][INFO] - ===== start preprocess data =====
[2022-09-10 17:11:25,055][deepke.relation_extraction.standard.tools.preprocess][INFO] - load raw files...
[2022-09-10 17:11:25,055][utils.ioUtils][INFO] - load csv from /home/zzx/deepke/DeepKE/example/re/standard/data/origin/train.csv
[2022-09-10 17:11:25,058][utils.ioUtils][INFO] - load csv from /home/zzx/deepke/DeepKE/example/re/standard/data/origin/valid.csv
[2022-09-10 17:11:25,059][utils.ioUtils][INFO] - load csv from /home/zzx/deepke/DeepKE/example/re/standard/data/origin/test.csv
[2022-09-10 17:11:25,060][utils.ioUtils][INFO] - load csv from /home/zzx/deepke/DeepKE/example/re/standard/data/origin/relation.csv
[2022-09-10 17:11:25,060][deepke.relation_extraction.standard.tools.preprocess][INFO] - clean data...
[2022-09-10 17:11:25,063][deepke.relation_extraction.standard.tools.preprocess][INFO] - convert relation into index...
[2022-09-10 17:11:25,064][deepke.relation_extraction.standard.tools.preprocess][INFO] - verify whether use pretrained language models...
[2022-09-10 17:11:25,064][deepke.relation_extraction.standard.tools.preprocess][INFO] - use pretrained language models serialize sentence...
[2022-09-10 17:11:25,064][deepke.relation_extraction.standard.tools.preprocess][INFO] - use bert tokenizer...
[2022-09-10 17:11:26,517][deepke.relation_extraction.standard.tools.preprocess][INFO] - use bert tokenizer...
[2022-09-10 17:11:27,569][deepke.relation_extraction.standard.tools.preprocess][INFO] - use bert tokenizer...
[2022-09-10 17:11:28,579][deepke.relation_extraction.standard.tools.preprocess][INFO] - save data for backup...
[2022-09-10 17:11:28,580][utils.ioUtils][INFO] - save data in /home/zzx/deepke/DeepKE/example/re/standard/data/out/train.pkl
[2022-09-10 17:11:28,582][utils.ioUtils][INFO] - save data in /home/zzx/deepke/DeepKE/example/re/standard/data/out/valid.pkl
[2022-09-10 17:11:28,582][utils.ioUtils][INFO] - save data in /home/zzx/deepke/DeepKE/example/re/standard/data/out/test.pkl
[2022-09-10 17:11:28,583][deepke.relation_extraction.standard.tools.preprocess][INFO] - ===== end preprocess data =====
[2022-09-10 17:11:28,584][utils.ioUtils][INFO] - load data from /home/zzx/deepke/DeepKE/example/re/standard/data/out/train.pkl
[2022-09-10 17:11:28,586][utils.ioUtils][INFO] - load data from /home/zzx/deepke/DeepKE/example/re/standard/data/out/valid.pkl
[2022-09-10 17:11:28,587][utils.ioUtils][INFO] - load data from /home/zzx/deepke/DeepKE/example/re/standard/data/out/test.pkl
[2022-09-10 17:11:34,229][__main__][INFO] - 
 LM(
  (bert): BertModel(
    (embeddings): BertEmbeddings(
      (word_embeddings): Embedding(21128, 768, padding_idx=0)
      (position_embeddings): Embedding(512, 768)
      (token_type_embeddings): Embedding(2, 768)
      (LayerNorm): LayerNorm((768,), eps=1e-12, elementwise_affine=True)
      (dropout): Dropout(p=0.1, inplace=False)
    )
    (encoder): BertEncoder(
      (layer): ModuleList(
        (0): BertLayer(
          (attention): BertAttention(
            (self): BertSelfAttention(
              (query): Linear(in_features=768, out_features=768, bias=True)
              (key): Linear(in_features=768, out_features=768, bias=True)
              (value): Linear(in_features=768, out_features=768, bias=True)
              (dropout): Dropout(p=0.1, inplace=False)
            )
            (output): BertSelfOutput(
              (dense): Linear(in_features=768, out_features=768, bias=True)
              (LayerNorm): LayerNorm((768,), eps=1e-12, elementwise_affine=True)
              (dropout): Dropout(p=0.1, inplace=False)
            )
          )
          (intermediate): BertIntermediate(
            (dense): Linear(in_features=768, out_features=3072, bias=True)
          )
          (output): BertOutput(
            (dense): Linear(in_features=3072, out_features=768, bias=True)
            (LayerNorm): LayerNorm((768,), eps=1e-12, elementwise_affine=True)
            (dropout): Dropout(p=0.1, inplace=False)
          )
        )
      )
    )
    (pooler): BertPooler(
      (dense): Linear(in_features=768, out_features=768, bias=True)
      (activation): Tanh()
    )
  )
  (bilstm): RNN(
    (rnn): LSTM(768, 50, batch_first=True, dropout=0.3, bidirectional=True)
  )
  (fc): Linear(in_features=100, out_features=14, bias=True)
  (dropout): Dropout(p=0.3, inplace=False)
)
[2022-09-10 17:11:34,229][__main__][INFO] - ========== Start training ==========
